disconnect(0)
disconnect(1)
disconnect(2)
connect(0)
connect(1)
connect(2)
Test (3C): basic persistence ...
disconnect(0)
disconnect(1)
disconnect(2)
disconnect(0)
connect(0)
disconnect(1)
connect(1)
disconnect(2)
connect(2)
disconnect(0)
disconnect(0)
connect(0)
disconnect(2)
disconnect(2)
connect(2)
disconnect(2)
disconnect(2)
connect(2)
  ... Passed --   4.1  3  142   35182    6
disconnect(0)
disconnect(1)
disconnect(2)
disconnect(3)
disconnect(4)
connect(0)
connect(1)
connect(2)
connect(3)
connect(4)
Test (3C): more persistence ...
disconnect(1)
disconnect(2)
disconnect(0)
disconnect(3)
disconnect(4)
disconnect(1)
disconnect(2)
connect(1)
connect(2)
disconnect(3)
connect(3)
connect(4)
connect(0)
disconnect(4)
disconnect(0)
disconnect(3)
disconnect(1)
disconnect(2)
disconnect(4)
disconnect(0)
connect(4)
connect(0)
disconnect(1)
connect(1)
connect(2)
connect(3)
disconnect(2)
disconnect(3)
disconnect(1)
disconnect(4)
disconnect(0)
disconnect(2)
disconnect(3)
connect(2)
connect(3)
disconnect(4)
connect(4)
connect(0)
connect(1)
disconnect(0)
disconnect(1)
disconnect(4)
disconnect(2)
disconnect(3)
disconnect(0)
disconnect(1)
connect(0)
connect(1)
disconnect(2)
connect(2)
connect(3)
connect(4)
disconnect(3)
disconnect(4)
disconnect(2)
disconnect(0)
disconnect(1)
disconnect(3)
disconnect(4)
connect(3)
connect(4)
disconnect(0)
connect(0)
connect(1)
connect(2)
  ... Passed --  15.4  5 1448  318702   16
disconnect(0)
disconnect(1)
disconnect(2)
connect(0)
connect(1)
connect(2)
Test (3C): partitioned leader and one follower crash, leader restarts ...
disconnect(1)
disconnect(2)
disconnect(0)
connect(1)
disconnect(2)
connect(2)
disconnect(0)
connect(0)
  ... Passed --   1.6  3   44   11374    4
disconnect(0)
disconnect(1)
disconnect(2)
disconnect(3)
disconnect(4)
connect(0)
connect(1)
connect(2)
connect(3)
connect(4)
Test (3C): Figure 8 ...
disconnect(4)
disconnect(2)
disconnect(1)
disconnect(4)
connect(4)
disconnect(4)
disconnect(4)
connect(4)
disconnect(4)
disconnect(1)
connect(1)
disconnect(3)
disconnect(3)
connect(3)
disconnect(3)
disconnect(2)
connect(2)
disconnect(0)
disconnect(3)
connect(3)
disconnect(1)
disconnect(0)
connect(0)
disconnect(3)
disconnect(4)
connect(4)
disconnect(0)
disconnect(1)
connect(1)
disconnect(2)
disconnect(0)
connect(0)
disconnect(1)
disconnect(3)
connect(3)
disconnect(0)
disconnect(2)
connect(2)
disconnect(3)
disconnect(0)
connect(0)
disconnect(4)
disconnect(3)
connect(3)
disconnect(3)
disconnect(1)
connect(1)
disconnect(0)
disconnect(3)
connect(3)
disconnect(3)
disconnect(4)
connect(4)
disconnect(4)
disconnect(4)
connect(4)
disconnect(4)
disconnect(4)
connect(4)
disconnect(4)
disconnect(4)
connect(4)
disconnect(4)
disconnect(4)
connect(4)
disconnect(4)
disconnect(3)
connect(3)
disconnect(1)
disconnect(4)
connect(4)
disconnect(4)
disconnect(0)
connect(0)
disconnect(2)
disconnect(1)
connect(1)
disconnect(3)
disconnect(4)
connect(4)
disconnect(0)
disconnect(2)
connect(2)
disconnect(1)
disconnect(1)
connect(1)
disconnect(2)
disconnect(3)
connect(3)
disconnect(1)
disconnect(2)
connect(2)
disconnect(2)
disconnect(2)
connect(2)
disconnect(2)
disconnect(0)
connect(0)
disconnect(4)
disconnect(4)
connect(4)
disconnect(4)
disconnect(1)
connect(1)
disconnect(0)
disconnect(2)
connect(2)
disconnect(3)
disconnect(3)
connect(3)
disconnect(3)
disconnect(4)
connect(4)
disconnect(1)
disconnect(1)
connect(1)
disconnect(1)
disconnect(3)
connect(3)
disconnect(0)
connect(0)
disconnect(1)
connect(1)
  ... Passed --  30.8  5  948  195262   25
disconnect(0)
disconnect(1)
disconnect(2)
disconnect(3)
disconnect(4)
connect(0)
connect(1)
connect(2)
connect(3)
connect(4)
Test (3C): unreliable agreement ...
  ... Passed --   3.1  5  220   74420  246
disconnect(0)
disconnect(1)
disconnect(2)
disconnect(3)
disconnect(4)
connect(0)
connect(1)
connect(2)
connect(3)
connect(4)
Test (3C): Figure 8 (unreliable) ...
disconnect(1)
disconnect(3)
disconnect(2)
connect(3)
disconnect(3)
connect(3)
disconnect(3)
connect(3)
disconnect(3)
connect(1)
disconnect(1)
connect(3)
disconnect(3)
connect(2)
disconnect(2)
connect(3)
disconnect(3)
connect(1)
disconnect(4)
connect(4)
disconnect(4)
connect(3)
disconnect(3)
connect(3)
disconnect(3)
connect(3)
disconnect(3)
connect(3)
disconnect(3)
connect(4)
disconnect(4)
connect(2)
disconnect(2)
connect(4)
disconnect(4)
connect(4)
disconnect(4)
connect(4)
disconnect(4)
connect(2)
disconnect(2)
connect(3)
disconnect(3)
connect(4)
disconnect(0)
connect(2)
disconnect(1)
connect(1)
disconnect(1)
connect(0)
disconnect(4)
connect(4)
disconnect(4)
connect(4)
disconnect(4)
connect(4)
disconnect(4)
connect(1)
disconnect(1)
connect(4)
disconnect(4)
connect(1)
disconnect(1)
connect(4)
disconnect(4)
connect(3)
disconnect(3)
connect(1)
disconnect(1)
connect(4)
disconnect(4)
connect(1)
disconnect(1)
connect(1)
disconnect(1)
connect(1)
disconnect(1)
connect(3)
disconnect(0)
connect(0)
disconnect(0)
connect(1)
disconnect(3)
connect(4)
disconnect(4)
connect(0)
disconnect(0)
connect(4)
disconnect(4)
connect(3)
disconnect(3)
connect(3)
disconnect(3)
connect(0)
disconnect(2)
connect(2)
disconnect(2)
connect(4)
disconnect(4)
connect(4)
disconnect(4)
connect(4)
disconnect(4)
connect(3)
disconnect(3)
connect(2)
disconnect(2)
connect(4)
disconnect(0)
connect(3)
disconnect(3)
connect(0)
disconnect(0)
connect(2)
disconnect(2)
connect(2)
disconnect(2)
connect(2)
disconnect(2)
connect(2)
disconnect(2)
connect(3)
disconnect(3)
connect(2)
disconnect(2)
connect(0)
disconnect(1)
connect(1)
disconnect(1)
connect(2)
disconnect(2)
connect(3)
disconnect(3)
connect(1)
disconnect(1)
connect(1)
disconnect(1)
connect(1)
disconnect(1)
connect(2)
disconnect(2)
connect(2)
disconnect(2)
connect(2)
disconnect(2)
connect(2)
disconnect(2)
connect(1)
connect(2)
connect(3)
cgf.one(): 428
--- FAIL: TestFigure8Unreliable3C (44.65s)
    config.go:605: one(428) failed to reach agreement
disconnect(0)
disconnect(1)
disconnect(2)
disconnect(3)
disconnect(4)
connect(0)
connect(1)
connect(2)
connect(3)
connect(4)
Test (3C): churn ...
connect(2)
disconnect(2)
disconnect(4)
disconnect(1)
connect(0)
connect(0)
disconnect(1)
connect(4)
connect(0)
disconnect(3)
connect(0)
connect(3)
disconnect(3)
connect(3)
connect(4)
disconnect(4)
connect(0)
disconnect(1)
connect(1)
connect(0)
connect(1)
disconnect(2)
connect(2)
connect(3)
connect(4)
  ... Passed --  16.1  5 1184 1173475  468
disconnect(0)
disconnect(1)
disconnect(2)
disconnect(3)
disconnect(4)
connect(0)
connect(1)
connect(2)
connect(3)
connect(4)
Test (3C): unreliable churn ...
disconnect(1)
connect(4)
disconnect(0)
disconnect(1)
connect(1)
disconnect(3)
disconnect(4)
connect(2)
disconnect(2)
disconnect(4)
connect(4)
connect(1)
connect(0)
connect(0)
disconnect(3)
disconnect(3)
connect(3)
disconnect(3)
disconnect(2)
connect(2)
disconnect(1)
connect(1)
connect(0)
connect(1)
connect(2)
disconnect(3)
connect(3)
connect(4)
  ... Passed --  16.2  5  956  693107  349
FAIL
exit status 1
FAIL	6.5840/raft	132.422s
